<?xml version="1.0" encoding="UTF-8"?>
<!-- Generated by org.testng.reporters.JUnitReportReporter -->
<testsuite skipped="0" hostname="ARAVINDKSV" name="com.com.autodesk.Create.Tests.TC_04_CreateProductTest" tests="1" failures="0" timestamp="11 Sep 2021 14:20:14 GMT" time="36.706" errors="0">
  <testcase name="createOrganisationTest" time="36.706" classname="com.com.autodesk.Create.Tests.TC_04_CreateProductTest"/>
</testsuite> <!-- com.com.autodesk.Create.Tests.TC_04_CreateProductTest -->
