<?xml version="1.0" encoding="UTF-8"?>
<!-- Generated by org.testng.reporters.JUnitReportReporter -->
<testsuite skipped="0" hostname="ARAVINDKSV" name="com.crm.autodesk.GenericUtilities.Boyyy" tests="1" failures="0" timestamp="06 Jan 2022 07:26:04 GMT" time="0.000" errors="0">
  <testcase name="boy" time="0.000" classname="com.crm.autodesk.GenericUtilities.Boyyy"/>
</testsuite> <!-- com.crm.autodesk.GenericUtilities.Boyyy -->
