<?xml version="1.0" encoding="UTF-8"?>
<!-- Generated by org.testng.reporters.JUnitReportReporter -->
<testsuite skipped="0" hostname="ARAVINDKSV" name="com.test.practice.createOrganizationTest" tests="4" failures="0" timestamp="15 Sep 2021 19:52:39 GMT" time="54.532" errors="0">
  <testcase name="createOrganizationWithMultipleData" time="13.556" classname="com.test.practice.createOrganizationTest"/>
  <testcase name="createOrganizationWithMultipleData" time="13.059" classname="com.test.practice.createOrganizationTest"/>
  <testcase name="createOrganizationWithMultipleData" time="14.245" classname="com.test.practice.createOrganizationTest"/>
  <testcase name="createOrganizationWithMultipleData" time="13.672" classname="com.test.practice.createOrganizationTest"/>
</testsuite> <!-- com.test.practice.createOrganizationTest -->
