<?xml version="1.0" encoding="UTF-8"?>
<!-- Generated by org.testng.reporters.JUnitReportReporter -->
<testsuite skipped="0" hostname="ARAVINDKSV" name="com.com.autodesk.Organization.Test.TC_04_CreateOrganizationWithRating" tests="1" failures="0" timestamp="15 Sep 2021 18:53:03 GMT" time="19.320" errors="0">
  <testcase name="createOrganizationWithRating" time="19.320" classname="com.com.autodesk.Organization.Test.TC_04_CreateOrganizationWithRating"/>
</testsuite> <!-- com.com.autodesk.Organization.Test.TC_04_CreateOrganizationWithRating -->
