<?xml version="1.0" encoding="UTF-8"?>
<!-- Generated by org.testng.reporters.JUnitReportReporter -->
<testsuite skipped="0" hostname="ARAVINDKSV" name="com.com.autodesk.Organization.Test.RegionalPractice_TC_01_CreateOrganizationTest" tests="3" failures="0" timestamp="30 Nov 2021 06:26:44 GMT" time="0.033" errors="0">
  <testcase name="createDummyBody" time="0.027" classname="com.com.autodesk.Organization.Test.RegionalPractice_TC_01_CreateOrganizationTest"/>
  <testcase name="createOrganisationTest" time="0.004" classname="com.com.autodesk.Organization.Test.RegionalPractice_TC_01_CreateOrganizationTest"/>
  <testcase name="ccreateDummyBody" time="0.002" classname="com.com.autodesk.Organization.Test.RegionalPractice_TC_01_CreateOrganizationTest"/>
</testsuite> <!-- com.com.autodesk.Organization.Test.RegionalPractice_TC_01_CreateOrganizationTest -->
