<?xml version="1.0" encoding="UTF-8"?>
<!-- Generated by org.testng.reporters.JUnitReportReporter -->
<testsuite skipped="0" hostname="ARAVINDKSV" name="commonData.ReadDataFromXML" tests="1" failures="0" timestamp="07 Sep 2021 15:59:14 GMT" time="0.015" errors="0">
  <testcase name="readFromXML" time="0.015" classname="commonData.ReadDataFromXML"/>
</testsuite> <!-- commonData.ReadDataFromXML -->
