<?xml version="1.0" encoding="UTF-8"?>
<!-- Generated by org.testng.reporters.JUnitReportReporter -->
<testsuite skipped="0" hostname="ARAVINDKSV" name="com.crm.Organisation.Tests.TC_02_CreateOrganisationTest" tests="1" failures="0" timestamp="09 Sep 2021 05:25:23 GMT" time="21.941" errors="0">
  <testcase name="createOrganisationTest" time="21.941" classname="com.crm.Organisation.Tests.TC_02_CreateOrganisationTest"/>
</testsuite> <!-- com.crm.Organisation.Tests.TC_02_CreateOrganisationTest -->
