<?xml version="1.0" encoding="UTF-8"?>
<!-- Generated by org.testng.reporters.JUnitReportReporter -->
<testsuite skipped="0" hostname="ARAVINDKSV" name="com.com.autodesk.Organization.Test.TC_03_CreateOrganizationWithAssignedToGroup" tests="1" failures="0" timestamp="15 Sep 2021 20:00:22 GMT" time="12.872" errors="0">
  <testcase name="createOrganizationWithAssignedToGroup" time="12.872" classname="com.com.autodesk.Organization.Test.TC_03_CreateOrganizationWithAssignedToGroup"/>
</testsuite> <!-- com.com.autodesk.Organization.Test.TC_03_CreateOrganizationWithAssignedToGroup -->
