<?xml version="1.0" encoding="UTF-8"?>
<!-- Generated by org.testng.reporters.JUnitReportReporter -->
<testsuite skipped="0" hostname="ARAVINDKSV" name="com.com.autodesk.Create.Tests.TC_02_CreateOrganisationTest" tests="1" failures="0" timestamp="11 Sep 2021 14:20:13 GMT" time="26.345" errors="0">
  <testcase name="createOrganisationTest" time="26.345" classname="com.com.autodesk.Create.Tests.TC_02_CreateOrganisationTest"/>
</testsuite> <!-- com.com.autodesk.Create.Tests.TC_02_CreateOrganisationTest -->
