<?xml version="1.0" encoding="UTF-8"?>
<!-- Generated by org.testng.reporters.JUnitReportReporter -->
<testsuite skipped="0" hostname="ARAVINDKSV" name="com.com.autodesk.Create.Tests.Tc_03_CreateOrganisationWithIndusrtyTypeTest" tests="1" failures="0" timestamp="11 Sep 2021 14:20:14 GMT" time="24.971" errors="0">
  <testcase name="createOrganisationTest" time="24.971" classname="com.com.autodesk.Create.Tests.Tc_03_CreateOrganisationWithIndusrtyTypeTest"/>
</testsuite> <!-- com.com.autodesk.Create.Tests.Tc_03_CreateOrganisationWithIndusrtyTypeTest -->
