<?xml version="1.0" encoding="UTF-8"?>
<!-- Generated by org.testng.reporters.JUnitReportReporter -->
<testsuite skipped="0" hostname="ARAVINDKSV" name="com.com.autodesk.Organization.Test.TC_07_CheckingOrganizationWithRatingDropDown" tests="1" failures="0" timestamp="15 Sep 2021 19:32:13 GMT" time="9.671" errors="0">
  <testcase name="checkingOrganizationWithRatingDropDown" time="9.671" classname="com.com.autodesk.Organization.Test.TC_07_CheckingOrganizationWithRatingDropDown"/>
</testsuite> <!-- com.com.autodesk.Organization.Test.TC_07_CheckingOrganizationWithRatingDropDown -->
