<?xml version="1.0" encoding="UTF-8"?>
<!-- Generated by org.testng.reporters.JUnitReportReporter -->
<testsuite skipped="0" hostname="ARAVINDKSV" name="com.com.autodesk.Organization.Test.TC_03_CreateOrganizationWithAssignedToGroupTest" tests="1" failures="0" timestamp="18 Jan 2022 07:23:40 GMT" time="15.641" errors="0">
  <testcase name="createOrganizationWithAssignedToGroupTest" time="15.641" classname="com.com.autodesk.Organization.Test.TC_03_CreateOrganizationWithAssignedToGroupTest"/>
</testsuite> <!-- com.com.autodesk.Organization.Test.TC_03_CreateOrganizationWithAssignedToGroupTest -->
