<?xml version="1.0" encoding="UTF-8"?>
<!-- Generated by org.testng.reporters.JUnitReportReporter -->
<testsuite skipped="0" hostname="ARAVINDKSV" name="com.com.autodesk.Organization.Test.TC_06_CheckingNotifyCheckBoxEnabledOrNot" tests="1" failures="0" timestamp="15 Sep 2021 18:40:34 GMT" time="14.392" errors="0">
  <testcase name="createOrganizationWithNotifyOwnerCB" time="14.392" classname="com.com.autodesk.Organization.Test.TC_06_CheckingNotifyCheckBoxEnabledOrNot"/>
</testsuite> <!-- com.com.autodesk.Organization.Test.TC_06_CheckingNotifyCheckBoxEnabledOrNot -->
