<?xml version="1.0" encoding="UTF-8"?>
<!-- Generated by org.testng.reporters.JUnitReportReporter -->
<testsuite skipped="0" hostname="ARAVINDKSV" name="com.test.practice.CreateOrganizationWithMutipleDataTest" tests="4" failures="0" timestamp="02 Apr 2022 13:47:31 GMT" time="86.557" errors="0">
  <testcase name="createOrganizationWithMultipleData" time="23.133" classname="com.test.practice.CreateOrganizationWithMutipleDataTest"/>
  <testcase name="createOrganizationWithMultipleData" time="29.248" classname="com.test.practice.CreateOrganizationWithMutipleDataTest"/>
  <testcase name="createOrganizationWithMultipleData" time="17.143" classname="com.test.practice.CreateOrganizationWithMutipleDataTest"/>
  <testcase name="createOrganizationWithMultipleData" time="17.033" classname="com.test.practice.CreateOrganizationWithMutipleDataTest"/>
</testsuite> <!-- com.test.practice.CreateOrganizationWithMutipleDataTest -->
