<?xml version="1.0" encoding="UTF-8"?>
<!-- Generated by org.testng.reporters.JUnitReportReporter -->
<testsuite skipped="0" hostname="ARAVINDKSV" name="com.crm.autodesk.GenericUtilities.Vbbb" tests="1" failures="0" timestamp="22 Mar 2022 06:33:32 GMT" time="1.079" errors="0">
  <testcase name="mm" time="1.079" classname="com.crm.autodesk.GenericUtilities.Vbbb"/>
</testsuite> <!-- com.crm.autodesk.GenericUtilities.Vbbb -->
