<?xml version="1.0" encoding="UTF-8"?>
<!-- Generated by org.testng.reporters.JUnitReportReporter -->
<testsuite skipped="0" hostname="ARAVINDKSV" name="com.com.autodesk.Organization.Test.TC_06_CheckingNotifyCheckBoxEnabledOrNotTest" tests="1" failures="0" timestamp="18 Jan 2022 07:02:42 GMT" time="16.777" errors="0">
  <testcase name="checkingNotifyCheckBoxEnabledOrNotTest" time="16.777" classname="com.com.autodesk.Organization.Test.TC_06_CheckingNotifyCheckBoxEnabledOrNotTest"/>
</testsuite> <!-- com.com.autodesk.Organization.Test.TC_06_CheckingNotifyCheckBoxEnabledOrNotTest -->
