<?xml version="1.0" encoding="UTF-8"?>
<!-- Generated by org.testng.reporters.JUnitReportReporter -->
<testsuite skipped="0" hostname="ARAVINDKSV" name="com.com.autodesk.Contact.Tests.TC_01_CreateContactWithOrganisationTest" tests="1" failures="0" timestamp="09 Sep 2021 04:46:41 GMT" time="39.725" errors="0">
  <testcase name="createContactWithOrganization" time="39.725" classname="com.com.autodesk.Contact.Tests.TC_01_CreateContactWithOrganisationTest"/>
</testsuite> <!-- com.com.autodesk.Contact.Tests.TC_01_CreateContactWithOrganisationTest -->
