<?xml version="1.0" encoding="UTF-8"?>
<!-- Generated by org.testng.reporters.JUnitReportReporter -->
<testsuite skipped="0" hostname="ARAVINDKSV" name="com.com.autodesk.Organization.Test.TC_05_CreateOrganizationWithNotifyOwnerCB" tests="1" failures="0" timestamp="15 Sep 2021 18:41:25 GMT" time="14.725" errors="0">
  <testcase name="createOrganizationWithNotifyOwnerCB" time="14.725" classname="com.com.autodesk.Organization.Test.TC_05_CreateOrganizationWithNotifyOwnerCB"/>
</testsuite> <!-- com.com.autodesk.Organization.Test.TC_05_CreateOrganizationWithNotifyOwnerCB -->
