<?xml version="1.0" encoding="UTF-8"?>
<!-- Generated by org.testng.reporters.JUnitReportReporter -->
<testsuite skipped="0" hostname="ARAVINDKSV" name="com.com.autodesk.Organization.Test.TC_04_CreateOrganizationWithRatingTest" tests="1" failures="0" timestamp="18 Jan 2022 07:23:40 GMT" time="11.824" errors="0">
  <testcase name="createOrganizationWithRatingTest" time="11.824" classname="com.com.autodesk.Organization.Test.TC_04_CreateOrganizationWithRatingTest"/>
</testsuite> <!-- com.com.autodesk.Organization.Test.TC_04_CreateOrganizationWithRatingTest -->
